ImperialShuttleBlastOff.wav		96 2000 ; 000__1_0
ImperialShuttleBlastOff.wav		96 2000 ; 001_0_0_Xwing
ImperialShuttleBlastOff.wav		96 2000 ; 002_0_1_Ywing
ImperialShuttleBlastOff.wav		96 2000 ; 003_0_2_Awing
ImperialShuttleBlastOff.wav		96 2000 ; 004_0_3_Bwing
ImperialShuttleBlastOff.wav		96 2000 ; 005_0_4_TieFighter
ImperialShuttleBlastOff.wav		96 2000 ; 006_0_5_TieInterceptor
ImperialShuttleBlastOff.wav		96 2000 ; 007_0_6_TieBomber
ImperialShuttleBlastOff.wav		96 2000 ; 008_0_7_TieAdvanced
ImperialShuttleBlastOff.wav		96 2000 ; 009_0_8_TieDefender
ImperialShuttleBlastOff.wav		96 2000 ; 010_0_9_IrdFighter
ImperialShuttleBlastOff.wav		96 2000 ; 011_0_10_ToscanFighter
ImperialShuttleBlastOff.wav		96 2000 ; 012_0_11_MissileBoat
ImperialShuttleBlastOff.wav		96 2000 ; 013_0_12_Twing
ImperialShuttleBlastOff.wav		96 2000 ; 014_0_13_Z_95
ImperialShuttleBlastOff.wav		96 2000 ; 015_0_14_R41
ImperialShuttleBlastOff.wav		96 2000 ; 016_0_15_AssaultGunboat
ImperialShuttleBlastOff.wav		96 2000 ; 017_0_16_SkiprayBlastBoat
ImperialShuttleBlastOff.wav		96 2000 ; 018_0_17_TieBizarro
ImperialShuttleBlastOff.wav		96 2000 ; 019_0_18_TieBigGun
ImperialShuttleBlastOff.wav		96 2000 ; 020_0_19_TieWarheads
ImperialShuttleBlastOff.wav		96 2000 ; 021_0_20_TieBomb
ImperialShuttleBlastOff.wav		96 2000 ; 022_0_21_TieBooster
ImperialShuttleBlastOff.wav		96 2000 ; 023_0_22_CloakshapeFighter
ImperialShuttleBlastOff.wav		96 2000 ; 024_0_23_RazorFighter
ImperialShuttleBlastOff.wav		96 2000 ; 025_0_24_PlanetaryFighter
ImperialShuttleBlastOff.wav		96 2000 ; 026_0_25_SupaFighter
ImperialShuttleBlastOff.wav		96 2000 ; 027_0_26_Piggyback
ImperialShuttleBlastOff.wav		96 2000 ; 028_0_27_Booster
ImperialShuttleBlastOff.wav		96 2000 ; 029_0_28_PreybirdFighter
ImperialShuttleBlastOff.wav		96 2000 ; 030_0_29_Xwing
ImperialShuttleBlastOff.wav		96 2000 ; 031_0_30_SlaveOne
ImperialShuttleBlastOff.wav		96 2000 ; 032_0_31_SlaveTwo
ImperialShuttleBlastOff.wav		96 2000 ; 033__1_0
ImperialShuttleBlastOff.wav		96 2000 ; 034__1_0
ImperialShuttleBlastOff.wav		96 2000 ; 035__1_0
ImperialShuttleBlastOff.wav		96 2000 ; 036__1_0
ImperialShuttleBlastOff.wav		96 2000 ; 037__1_0
ImperialShuttleBlastOff.wav		96 2000 ; 038__1_0
ImperialShuttleBlastOff.wav		96 2000 ; 039__1_0
ImperialShuttleBlastOff.wav		96 2000 ; 040__1_0
ImperialShuttleBlastOff.wav		96 2000 ; 041__1_0
ImperialShuttleBlastOff.wav		96 2000 ; 042__1_0
ImperialShuttleBlastOff.wav		96 2000 ; 043_0_32_Tug
ImperialShuttleBlastOff.wav		96 2000 ; 044_0_33_CombatUtilityVehicle
ImperialShuttleBlastOff.wav		96 2000 ; 045_0_34_HeavyLifter
ImperialShuttleBlastOff.wav		96 2000 ; 046_0_35_MoleMiner
ImperialShuttleBlastOff.wav		96 2000 ; 047_0_36_EscapePod
ImperialShuttleBlastOff.wav		96 2000 ; 048_0_153_EscapePodA
ImperialShuttleBlastOff.wav		96 2000 ; 049__1_0
ImperialShuttleBlastOff.wav		96 2000 ; 050_0_37_Shuttle
ImperialShuttleBlastOff.wav		96 2000 ; 051_0_38_EscortShuttle
ImperialShuttleBlastOff.wav		96 2000 ; 052_0_39_StormtrooperTransport
ImperialShuttleBlastOff.wav		96 2000 ; 053_0_40_AssaultTransport
ImperialShuttleBlastOff.wav		96 2000 ; 054_0_41_EscortTransport
ImperialShuttleBlastOff.wav		96 2000 ; 055_0_42_SystemPatrolCraft
ImperialShuttleBlastOff.wav		96 2000 ; 056_0_43_ScoutCraft
ImperialShuttleBlastOff.wav		96 2000 ; 057_0_44_MuurianTransport
ImperialShuttleBlastOff.wav		96 2000 ; 058_0_45_CorellianTransport2
ImperialShuttleBlastOff.wav		96 2000 ; 059_0_46_MilleniumFalcon2
ImperialShuttleBlastOff.wav		96 2000 ; 060_0_47_Outrider
ImperialShuttleBlastOff.wav		96 2000 ; 061_0_48_ImpLandingCraft
ImperialShuttleBlastOff.wav		96 2000 ; 062_0_49_AssaultShuttle
ImperialShuttleBlastOff.wav		96 2000 ; 063_0_50_LuxuryYacht
ImperialShuttleBlastOff.wav		96 2000 ; 064_0_51_FerryboatLiner
ImperialShuttleBlastOff.wav		96 2000 ; 065_0_52_FamilyTransport
ImperialShuttleBlastOff.wav		96 2000 ; 066__1_0
ImperialShuttleBlastOff.wav		96 2000 ; 067__1_0
ImperialShuttleBlastOff.wav		96 2000 ; 068__1_0
ImperialShuttleBlastOff.wav		96 2000 ; 069__1_0
ImperialShuttleBlastOff.wav		96 2000 ; 070__1_0
ImperialShuttleBlastOff.wav		96 2000 ; 071_0_53_ContainerBrick
ImperialShuttleBlastOff.wav		96 2000 ; 072_0_54_ContainerHexBox
ImperialShuttleBlastOff.wav		96 2000 ; 073_0_55_ContainerTube
ImperialShuttleBlastOff.wav		96 2000 ; 074_0_56_ContainerPronged
ImperialShuttleBlastOff.wav		96 2000 ; 075_0_57_ContainerHemisphere
ImperialShuttleBlastOff.wav		96 2000 ; 076_0_58_ContainerSlotted
ImperialShuttleBlastOff.wav		96 2000 ; 077_0_59_ContainerHourglass
ImperialShuttleBlastOff.wav		96 2000 ; 078_0_60_ContainerGem
ImperialShuttleBlastOff.wav		96 2000 ; 079_0_61_ContainerYshaped
ImperialShuttleBlastOff.wav		96 2000 ; 080_0_62_CargoCanister
ImperialShuttleBlastOff.wav		96 2000 ; 081_0_63_PropaneTank
ImperialShuttleBlastOff.wav		96 2000 ; 082_0_64_ContainerGrande
ImperialShuttleBlastOff.wav		96 2000 ; 083_0_65_ContainerBox
ImperialShuttleBlastOff.wav		96 2000 ; 084_0_66_ContainerSphere
ImperialShuttleBlastOff.wav		96 2000 ; 085_0_67_ContainerHanger
ImperialShuttleBlastOff.wav		96 2000 ; 086__1_0
ImperialShuttleBlastOff.wav		96 2000 ; 087__1_0
ImperialShuttleBlastOff.wav		96 2000 ; 088__1_0
ImperialShuttleBlastOff.wav		96 2000 ; 089__1_0
ImperialShuttleBlastOff.wav		96 2000 ; 090__1_0
ImperialShuttleBlastOff.wav		96 2000 ; 091_0_68_BulkFreighter
ImperialShuttleBlastOff.wav		96 2000 ; 092_0_69_CargoFerry
ImperialShuttleBlastOff.wav		96 2000 ; 093_0_70_ModularConveyor
ImperialShuttleBlastOff.wav		96 2000 ; 094_0_71_ContainerTransport
ImperialShuttleBlastOff.wav		96 2000 ; 095_0_72_TunaBoat2
ImperialShuttleBlastOff.wav		96 2000 ; 096_0_73_StarGalleon
ImperialShuttleBlastOff.wav		96 2000 ; 097_0_74_ModActionTransport
ImperialShuttleBlastOff.wav		96 2000 ; 098_0_75_MobquetTransport
ImperialShuttleBlastOff.wav		96 2000 ; 099_0_76_XiytiarTransport
ImperialShuttleBlastOff.wav		96 2000 ; 100_0_77_FreighterConB
ImperialShuttleBlastOff.wav		96 2000 ; 101_0_78_FreighterConG
ImperialShuttleBlastOff.wav		96 2000 ; 102_0_79_FreighterBox
ImperialShuttleBlastOff.wav		96 2000 ; 103_0_0_Xwing
ImperialShuttleBlastOff.wav		96 2000 ; 104_0_0_Xwing
ImperialShuttleBlastOff.wav		96 2000 ; 105_0_136_CrewCabinFront
ImperialShuttleBlastOff.wav		96 2000 ; 106_0_137_ConnectorRod
ImperialShuttleBlastOff.wav		96 2000 ; 107_0_138_EngineBack
ImperialShuttleBlastOff.wav		96 2000 ; 108_0_0_Xwing
ImperialShuttleBlastOff.wav		96 2000 ; 109_0_0_Xwing
ImperialShuttleBlastOff.wav		96 2000 ; 110_0_139_EngineFront
ImperialShuttleBlastOff.wav		96 2000 ; 111_0_140_CrewCabinBack
ImperialShuttleBlastOff.wav		96 2000 ; 112_0_0_Xwing
ImperialShuttleBlastOff.wav		96 2000 ; 113_0_0_Xwing
ImperialShuttleBlastOff.wav		96 2000 ; 114_0_0_Xwing
ImperialShuttleBlastOff.wav		96 2000 ; 115_0_142_Suprosa
ImperialShuttleBlastOff.wav		96 2000 ; 116__1_0
ImperialShuttleBlastOff.wav		96 2000 ; 117__1_0
ImperialShuttleBlastOff.wav		96 2000 ; 118__1_0
ImperialShuttleBlastOff.wav		96 2000 ; 119__1_0
ImperialShuttleBlastOff.wav		96 2000 ; 120__1_0
ImperialShuttleBlastOff.wav		96 2000 ; 121__1_0
ImperialShuttleBlastOff.wav		96 2000 ; 122__1_0
ImperialShuttleBlastOff.wav		96 2000 ; 123__1_0
ImperialShuttleBlastOff.wav		96 2000 ; 124__1_0
ImperialShuttleBlastOff.wav		96 2000 ; 125__1_0
ImperialShuttleBlastOff.wav		96 2000 ; 126_0_80_Corvette2
ImperialShuttleBlastOff.wav		96 2000 ; 127_0_81_ModCorvette
ImperialShuttleBlastOff.wav		96 2000 ; 128_0_82_Frigate2
ImperialShuttleBlastOff.wav		96 2000 ; 129_0_83_ModFrigate
ImperialShuttleBlastOff.wav		96 2000 ; 130_0_84_PassengerLiner
ImperialShuttleBlastOff.wav		96 2000 ; 131_0_85_CarrackCruiser
ImperialShuttleBlastOff.wav		96 2000 ; 132_0_86_StrikeCruiser
ImperialShuttleBlastOff.wav		96 2000 ; 133_0_87_EscortCarrier
ImperialShuttleBlastOff.wav		96 2000 ; 134_0_88_Dreadnaught2
ImperialShuttleBlastOff.wav		96 2000 ; 135_0_89_CalamariCruiserNew
ImperialShuttleBlastOff.wav		96 2000 ; 136_0_90_LightCalamariCruiser
ImperialShuttleBlastOff.wav		96 2000 ; 137_0_91_Interdictor2
ImperialShuttleBlastOff.wav		96 2000 ; 138_0_92_VictoryStarDestroyer2
ImperialShuttleBlastOff.wav		96 2000 ; 139_0_93_ImperialStarDestroyer2
ImperialShuttleBlastOff.wav		96 2000 ; 140_0_94_SuperStarDestroyer
ImperialShuttleBlastOff.wav		96 2000 ; 141_0_95_ModStrikeCruiser
ImperialShuttleBlastOff.wav		96 2000 ; 142_0_96_LancerFrigate
ImperialShuttleBlastOff.wav		96 2000 ; 143_0_97_BulkCruiser
ImperialShuttleBlastOff.wav		96 2000 ; 144_0_98_AssaultFrigate
ImperialShuttleBlastOff.wav		96 2000 ; 145_0_99_CorellianGunship
ImperialShuttleBlastOff.wav		96 2000 ; 146_0_100_MarauderCorvette
ImperialShuttleBlastOff.wav		96 2000 ; 147_0_101_ImpResearchShip
ImperialShuttleBlastOff.wav		96 2000 ; 148_0_135_CalamariWinged
ImperialShuttleBlastOff.wav		96 2000 ; 149_0_92_VictoryStarDestroyer2
ImperialShuttleBlastOff.wav		96 2000 ; 150_0_141_ImperialStarDestroyer2
ImperialShuttleBlastOff.wav		96 2000 ; 151__1_0
ImperialShuttleBlastOff.wav		96 2000 ; 152__1_0
ImperialShuttleBlastOff.wav		96 2000 ; 153_0_102_Platform1
ImperialShuttleBlastOff.wav		96 2000 ; 154_0_103_Platform2
ImperialShuttleBlastOff.wav		96 2000 ; 155_0_104_Platform3
ImperialShuttleBlastOff.wav		96 2000 ; 156_0_105_Platform4
ImperialShuttleBlastOff.wav		96 2000 ; 157_0_106_Platform5
ImperialShuttleBlastOff.wav		96 2000 ; 158_0_107_Platform6
ImperialShuttleBlastOff.wav		96 2000 ; 159_0_108_AsteroidBase
ImperialShuttleBlastOff.wav		96 2000 ; 160_0_109_Factory
ImperialShuttleBlastOff.wav		96 2000 ; 161_0_110_ShipYard
ImperialShuttleBlastOff.wav		96 2000 ; 162_0_111_RepairYard
ImperialShuttleBlastOff.wav		96 2000 ; 163_0_112_GolanOne
ImperialShuttleBlastOff.wav		96 2000 ; 164_0_113_GolanTwo
ImperialShuttleBlastOff.wav		96 2000 ; 165_0_114_GolanThree
ImperialShuttleBlastOff.wav		96 2000 ; 166_0_115_DerilynPlatform
ImperialShuttleBlastOff.wav		96 2000 ; 167_0_116_SensorArray
ImperialShuttleBlastOff.wav		96 2000 ; 168_0_117_CommRelay
ImperialShuttleBlastOff.wav		96 2000 ; 169_0_118_SpaceColony1
ImperialShuttleBlastOff.wav		96 2000 ; 170_0_119_SpaceColony2
ImperialShuttleBlastOff.wav		96 2000 ; 171_0_120_SpaceColony3
ImperialShuttleBlastOff.wav		96 2000 ; 172_0_121_Casino
ImperialShuttleBlastOff.wav		96 2000 ; 173_0_122_CargoFacility1
ImperialShuttleBlastOff.wav		96 2000 ; 174_0_123_CargoFacility2
ImperialShuttleBlastOff.wav		96 2000 ; 175_0_124_AsteroidMiningUnit
ImperialShuttleBlastOff.wav		96 2000 ; 176_0_125_ProcessingPlant
ImperialShuttleBlastOff.wav		96 2000 ; 177_0_126_RebelPlatform
ImperialShuttleBlastOff.wav		96 2000 ; 178_0_127_ImpResearchCenter
ImperialShuttleBlastOff.wav		96 2000 ; 179_0_128_FamilyBase
ImperialShuttleBlastOff.wav		96 2000 ; 180_0_129_FamilyRepairYard
ImperialShuttleBlastOff.wav		96 2000 ; 181_0_130_PirateShipyard
ImperialShuttleBlastOff.wav		96 2000 ; 182_0_131_IndustrialComplex
ImperialShuttleBlastOff.wav		96 2000 ; 183_0_132_PirateJunkyardBase
ImperialShuttleBlastOff.wav		96 2000 ; 184__1_0
ImperialShuttleBlastOff.wav		96 2000 ; 185__1_0
ImperialShuttleBlastOff.wav		96 2000 ; 186__1_0
ImperialShuttleBlastOff.wav		96 2000 ; 187__1_0
ImperialShuttleBlastOff.wav		96 2000 ; 188__1_0
ImperialShuttleBlastOff.wav		96 2000 ; 189__1_0
ImperialShuttleBlastOff.wav		96 2000 ; 190__1_0
ImperialShuttleBlastOff.wav		96 2000 ; 191__1_0
ImperialShuttleBlastOff.wav		96 2000 ; 192_1_40_LaserBat
ImperialShuttleBlastOff.wav		96 2000 ; 193_1_39_IonBat
ImperialShuttleBlastOff.wav		96 2000 ; 194_0_133_AsteroidLaserBattery
ImperialShuttleBlastOff.wav		96 2000 ; 195_0_134_AsteroidWarheadLauncher
ImperialShuttleBlastOff.wav		96 2000 ; 196_1_6_GunPlatform
ImperialShuttleBlastOff.wav		96 2000 ; 197_1_43_GunPad
ImperialShuttleBlastOff.wav		96 2000 ; 198_1_44_GunWarheadPad
ImperialShuttleBlastOff.wav		96 2000 ; 199_1_41_HomingMineA
ImperialShuttleBlastOff.wav		96 2000 ; 200_1_42_HomingMineB
ImperialShuttleBlastOff.wav		96 2000 ; 201_1_45_ProximityMineA
ImperialShuttleBlastOff.wav		96 2000 ; 202_1_46_ProximityMineB
ImperialShuttleBlastOff.wav		96 2000 ; 203_1_51_RebelPilot
ImperialShuttleBlastOff.wav		96 2000 ; 204_1_52_ImperialPilot
ImperialShuttleBlastOff.wav		96 2000 ; 205_1_53_CivilianPilot
ImperialShuttleBlastOff.wav		96 2000 ; 206_1_54_ZeroGStormtrooper
ImperialShuttleBlastOff.wav		96 2000 ; 207_1_55_ZeroGUtility
ImperialShuttleBlastOff.wav		96 2000 ; 208_1_56_Marko
ImperialShuttleBlastOff.wav		96 2000 ; 209_1_57_R2D2
ImperialShuttleBlastOff.wav		96 2000 ; 210_1_0_SatB
ImperialShuttleBlastOff.wav		96 2000 ; 211_1_1_SatC
ImperialShuttleBlastOff.wav		96 2000 ; 212_1_2_SatD
ImperialShuttleBlastOff.wav		96 2000 ; 213_1_7_Probe
ImperialShuttleBlastOff.wav		96 2000 ; 214_1_50_ProbeCapsule
ImperialShuttleBlastOff.wav		96 2000 ; 215_1_47_BuoyC
ImperialShuttleBlastOff.wav		96 2000 ; 216_1_48_BuoyB
ImperialShuttleBlastOff.wav		96 2000 ; 217_1_49_BuoyRendez
ImperialShuttleBlastOff.wav		96 2000 ; 218_1_8_BuoyFaux
ImperialShuttleBlastOff.wav		96 2000 ; 219_1_3_MineA
ImperialShuttleBlastOff.wav		96 2000 ; 220_1_4_MineB
ImperialShuttleBlastOff.wav		96 2000 ; 221_1_5_MineC
ImperialShuttleBlastOff.wav		96 2000 ; 222__1_0
