StarshipAmbient.wav			115 32000 ; 000__1_0
StarshipAmbient.wav			115 32000 ; 001_0_0_Xwing
StarshipAmbient.wav			115 32000 ; 002_0_1_Ywing
StarshipAmbient.wav			115 32000 ; 003_0_2_Awing
StarshipAmbient.wav			115 32000 ; 004_0_3_Bwing
StarshipAmbient.wav			115 32000 ; 005_0_4_TieFighter
StarshipAmbient.wav			115 32000 ; 006_0_5_TieInterceptor
StarshipAmbient.wav			115 32000 ; 007_0_6_TieBomber
StarshipAmbient.wav			115 32000 ; 008_0_7_TieAdvanced
StarshipAmbient.wav			115 32000 ; 009_0_8_TieDefender
StarshipAmbient.wav			115 32000 ; 010_0_9_IrdFighter
StarshipAmbient.wav			115 32000 ; 011_0_10_ToscanFighter
StarshipAmbient.wav			115 32000 ; 012_0_11_MissileBoat
StarshipAmbient.wav			115 32000 ; 013_0_12_Twing
StarshipAmbient.wav			115 32000 ; 014_0_13_Z_95
StarshipAmbient.wav			115 32000 ; 015_0_14_R41
StarshipAmbient.wav			115 32000 ; 016_0_15_AssaultGunboat
StarshipAmbient.wav			115 32000 ; 017_0_16_SkiprayBlastBoat
StarshipAmbient.wav			115 32000 ; 018_0_17_TieBizarro
StarshipAmbient.wav			115 32000 ; 019_0_18_TieBigGun
StarshipAmbient.wav			115 32000 ; 020_0_19_TieWarheads
StarshipAmbient.wav			115 32000 ; 021_0_20_TieBomb
StarshipAmbient.wav			115 32000 ; 022_0_21_TieBooster
StarshipAmbient.wav			115 32000 ; 023_0_22_CloakshapeFighter
StarshipAmbient.wav			115 32000 ; 024_0_23_RazorFighter
StarshipAmbient.wav			115 32000 ; 025_0_24_PlanetaryFighter
StarshipAmbient.wav			115 32000 ; 026_0_25_SupaFighter
StarshipAmbient.wav			115 32000 ; 027_0_26_Piggyback
StarshipAmbient.wav			115 32000 ; 028_0_27_Booster
StarshipAmbient.wav			115 32000 ; 029_0_28_PreybirdFighter
StarshipAmbient.wav			115 32000 ; 030_0_29_Xwing
StarshipAmbient.wav			115 32000 ; 031_0_30_SlaveOne
StarshipAmbient.wav			115 32000 ; 032_0_31_SlaveTwo
StarshipAmbient.wav			115 32000 ; 033__1_0
StarshipAmbient.wav			115 32000 ; 034__1_0
StarshipAmbient.wav			115 32000 ; 035__1_0
StarshipAmbient.wav			115 32000 ; 036__1_0
StarshipAmbient.wav			115 32000 ; 037__1_0
StarshipAmbient.wav			115 32000 ; 038__1_0
StarshipAmbient.wav			115 32000 ; 039__1_0
StarshipAmbient.wav			115 32000 ; 040__1_0
StarshipAmbient.wav			115 32000 ; 041__1_0
StarshipAmbient.wav			115 32000 ; 042__1_0
StarshipAmbient.wav			115 32000 ; 043_0_32_Tug
StarshipAmbient.wav			115 32000 ; 044_0_33_CombatUtilityVehicle
StarshipAmbient.wav			115 32000 ; 045_0_34_HeavyLifter
StarshipAmbient.wav			115 32000 ; 046_0_35_MoleMiner
StarshipAmbient.wav			115 32000 ; 047_0_36_EscapePod
StarshipAmbient.wav			115 32000 ; 048_0_153_EscapePodA
StarshipAmbient.wav			115 32000 ; 049__1_0
StarshipAmbient.wav			115 32000 ; 050_0_37_Shuttle
StarshipAmbient.wav			115 32000 ; 051_0_38_EscortShuttle
StarshipAmbient.wav			115 32000 ; 052_0_39_StormtrooperTransport
StarshipAmbient.wav			115 32000 ; 053_0_40_AssaultTransport
StarshipAmbient.wav			115 32000 ; 054_0_41_EscortTransport
StarshipAmbient.wav			115 32000 ; 055_0_42_SystemPatrolCraft
StarshipAmbient.wav			115 32000 ; 056_0_43_ScoutCraft
StarshipAmbient.wav			115 32000 ; 057_0_44_MuurianTransport
StarshipAmbient.wav			115 32000 ; 058_0_45_CorellianTransport2
StarshipAmbient.wav			115 32000 ; 059_0_46_MilleniumFalcon2
StarshipAmbient.wav			115 32000 ; 060_0_47_Outrider
StarshipAmbient.wav			115 32000 ; 061_0_48_ImpLandingCraft
StarshipAmbient.wav			115 32000 ; 062_0_49_AssaultShuttle
StarshipAmbient.wav			115 32000 ; 063_0_50_LuxuryYacht
StarshipAmbient.wav			115 32000 ; 064_0_51_FerryboatLiner
StarshipAmbient.wav			115 32000 ; 065_0_52_FamilyTransport
StarshipAmbient.wav			115 32000 ; 066__1_0
StarshipAmbient.wav			115 32000 ; 067__1_0
StarshipAmbient.wav			115 32000 ; 068__1_0
StarshipAmbient.wav			115 32000 ; 069__1_0
StarshipAmbient.wav			115 32000 ; 070__1_0
StarshipAmbient.wav			115 32000 ; 071_0_53_ContainerBrick
StarshipAmbient.wav			115 32000 ; 072_0_54_ContainerHexBox
StarshipAmbient.wav			115 32000 ; 073_0_55_ContainerTube
StarshipAmbient.wav			115 32000 ; 074_0_56_ContainerPronged
StarshipAmbient.wav			115 32000 ; 075_0_57_ContainerHemisphere
StarshipAmbient.wav			115 32000 ; 076_0_58_ContainerSlotted
StarshipAmbient.wav			115 32000 ; 077_0_59_ContainerHourglass
StarshipAmbient.wav			115 32000 ; 078_0_60_ContainerGem
StarshipAmbient.wav			115 32000 ; 079_0_61_ContainerYshaped
StarshipAmbient.wav			115 32000 ; 080_0_62_CargoCanister
StarshipAmbient.wav			115 32000 ; 081_0_63_PropaneTank
StarshipAmbient.wav			115 32000 ; 082_0_64_ContainerGrande
StarshipAmbient.wav			115 32000 ; 083_0_65_ContainerBox
StarshipAmbient.wav			115 32000 ; 084_0_66_ContainerSphere
StarshipAmbient.wav			115 32000 ; 085_0_67_ContainerHanger
StarshipAmbient.wav			115 32000 ; 086__1_0
StarshipAmbient.wav			115 32000 ; 087__1_0
StarshipAmbient.wav			115 32000 ; 088__1_0
StarshipAmbient.wav			115 32000 ; 089__1_0
StarshipAmbient.wav			115 32000 ; 090__1_0
StarshipAmbient.wav			115 32000 ; 091_0_68_BulkFreighter
StarshipAmbient.wav			115 32000 ; 092_0_69_CargoFerry
StarshipAmbient.wav			115 32000 ; 093_0_70_ModularConveyor
StarshipAmbient.wav			115 32000 ; 094_0_71_ContainerTransport
StarshipAmbient.wav			115 32000 ; 095_0_72_TunaBoat2
StarshipAmbient.wav			115 32000 ; 096_0_73_StarGalleon
StarshipAmbient.wav			115 32000 ; 097_0_74_ModActionTransport
StarshipAmbient.wav			115 32000 ; 098_0_75_MobquetTransport
StarshipAmbient.wav			115 32000 ; 099_0_76_XiytiarTransport
StarshipAmbient.wav			115 32000 ; 100_0_77_FreighterConB
StarshipAmbient.wav			115 32000 ; 101_0_78_FreighterConG
StarshipAmbient.wav			115 32000 ; 102_0_79_FreighterBox
StarshipAmbient.wav			115 32000 ; 103_0_0_Xwing
StarshipAmbient.wav			115 32000 ; 104_0_0_Xwing
StarshipAmbient.wav			115 32000 ; 105_0_136_CrewCabinFront
StarshipAmbient.wav			115 32000 ; 106_0_137_ConnectorRod
StarshipAmbient.wav			115 32000 ; 107_0_138_EngineBack
StarshipAmbient.wav			115 32000 ; 108_0_0_Xwing
StarshipAmbient.wav			115 32000 ; 109_0_0_Xwing
StarshipAmbient.wav			115 32000 ; 110_0_139_EngineFront
StarshipAmbient.wav			115 32000 ; 111_0_140_CrewCabinBack
StarshipAmbient.wav			115 32000 ; 112_0_0_Xwing
StarshipAmbient.wav			115 32000 ; 113_0_0_Xwing
StarshipAmbient.wav			115 32000 ; 114_0_0_Xwing
StarshipAmbient.wav			115 32000 ; 115_0_142_Suprosa
StarshipAmbient.wav			115 32000 ; 116__1_0
StarshipAmbient.wav			115 32000 ; 117__1_0
StarshipAmbient.wav			115 32000 ; 118__1_0
StarshipAmbient.wav			115 32000 ; 119__1_0
StarshipAmbient.wav			115 32000 ; 120__1_0
StarshipAmbient.wav			115 32000 ; 121__1_0
StarshipAmbient.wav			115 32000 ; 122__1_0
StarshipAmbient.wav			115 32000 ; 123__1_0
StarshipAmbient.wav			115 32000 ; 124__1_0
StarshipAmbient.wav			115 32000 ; 125__1_0
StarshipAmbient.wav			115 32000 ; 126_0_80_Corvette2
StarshipAmbient.wav			115 32000 ; 127_0_81_ModCorvette
StarshipAmbient.wav			115 32000 ; 128_0_82_Frigate2
StarshipAmbient.wav			115 32000 ; 129_0_83_ModFrigate
StarshipAmbient.wav			115 32000 ; 130_0_84_PassengerLiner
StarshipAmbient.wav			115 32000 ; 131_0_85_CarrackCruiser
StarshipAmbient.wav			115 32000 ; 132_0_86_StrikeCruiser
StarshipAmbient.wav			115 32000 ; 133_0_87_EscortCarrier
StarshipAmbient.wav			115 32000 ; 134_0_88_Dreadnaught2
StarshipAmbient.wav			115 32000 ; 135_0_89_CalamariCruiserNew
StarshipAmbient.wav			115 32000 ; 136_0_90_LightCalamariCruiser
StarshipAmbient.wav			115 32000 ; 137_0_91_Interdictor2
StarshipAmbient.wav			115 32000 ; 138_0_92_VictoryStarDestroyer2
StarshipAmbient.wav			115 32000 ; 139_0_93_ImperialStarDestroyer2
StarshipAmbient.wav			115 32000 ; 140_0_94_SuperStarDestroyer
StarshipAmbient.wav			115 32000 ; 141_0_95_ModStrikeCruiser
StarshipAmbient.wav			115 32000 ; 142_0_96_LancerFrigate
StarshipAmbient.wav			115 32000 ; 143_0_97_BulkCruiser
StarshipAmbient.wav			115 32000 ; 144_0_98_AssaultFrigate
StarshipAmbient.wav			115 32000 ; 145_0_99_CorellianGunship
StarshipAmbient.wav			115 32000 ; 146_0_100_MarauderCorvette
StarshipAmbient.wav			115 32000 ; 147_0_101_ImpResearchShip
StarshipAmbient.wav			115 32000 ; 148_0_135_CalamariWinged
StarshipAmbient.wav			115 32000 ; 149_0_92_VictoryStarDestroyer2
StarshipAmbient.wav			115 32000 ; 150_0_141_ImperialStarDestroyer2
StarshipAmbient.wav			115 32000 ; 151__1_0
StarshipAmbient.wav			115 32000 ; 152__1_0
StarshipAmbient.wav			115 32000 ; 153_0_102_Platform1
StarshipAmbient.wav			115 32000 ; 154_0_103_Platform2
StarshipAmbient.wav			115 32000 ; 155_0_104_Platform3
StarshipAmbient.wav			115 32000 ; 156_0_105_Platform4
StarshipAmbient.wav			115 32000 ; 157_0_106_Platform5
StarshipAmbient.wav			115 32000 ; 158_0_107_Platform6
StarshipAmbient.wav			115 32000 ; 159_0_108_AsteroidBase
StarshipAmbient.wav			115 32000 ; 160_0_109_Factory
StarshipAmbient.wav			115 32000 ; 161_0_110_ShipYard
StarshipAmbient.wav			115 32000 ; 162_0_111_RepairYard
StarshipAmbient.wav			115 32000 ; 163_0_112_GolanOne
StarshipAmbient.wav			115 32000 ; 164_0_113_GolanTwo
StarshipAmbient.wav			115 32000 ; 165_0_114_GolanThree
StarshipAmbient.wav			115 32000 ; 166_0_115_DerilynPlatform
StarshipAmbient.wav			115 32000 ; 167_0_116_SensorArray
StarshipAmbient.wav			115 32000 ; 168_0_117_CommRelay
StarshipAmbient.wav			115 32000 ; 169_0_118_SpaceColony1
StarshipAmbient.wav			115 32000 ; 170_0_119_SpaceColony2
StarshipAmbient.wav			115 32000 ; 171_0_120_SpaceColony3
StarshipAmbient.wav			115 32000 ; 172_0_121_Casino
StarshipAmbient.wav			115 32000 ; 173_0_122_CargoFacility1
StarshipAmbient.wav			115 32000 ; 174_0_123_CargoFacility2
StarshipAmbient.wav			115 32000 ; 175_0_124_AsteroidMiningUnit
StarshipAmbient.wav			115 32000 ; 176_0_125_ProcessingPlant
StarshipAmbient.wav			115 32000 ; 177_0_126_RebelPlatform
StarshipAmbient.wav			115 32000 ; 178_0_127_ImpResearchCenter
StarshipAmbient.wav			115 32000 ; 179_0_128_FamilyBase
StarshipAmbient.wav			115 32000 ; 180_0_129_FamilyRepairYard
StarshipAmbient.wav			115 32000 ; 181_0_130_PirateShipyard
StarshipAmbient.wav			115 32000 ; 182_0_131_IndustrialComplex
StarshipAmbient.wav			115 32000 ; 183_0_132_PirateJunkyardBase
StarshipAmbient.wav			115 32000 ; 184__1_0
StarshipAmbient.wav			115 32000 ; 185__1_0
StarshipAmbient.wav			115 32000 ; 186__1_0
StarshipAmbient.wav			115 32000 ; 187__1_0
StarshipAmbient.wav			115 32000 ; 188__1_0
StarshipAmbient.wav			115 32000 ; 189__1_0
StarshipAmbient.wav			115 32000 ; 190__1_0
StarshipAmbient.wav			115 32000 ; 191__1_0
StarshipAmbient.wav			115 32000 ; 192_1_40_LaserBat
StarshipAmbient.wav			115 32000 ; 193_1_39_IonBat
StarshipAmbient.wav			115 32000 ; 194_0_133_AsteroidLaserBattery
StarshipAmbient.wav			115 32000 ; 195_0_134_AsteroidWarheadLauncher
StarshipAmbient.wav			115 32000 ; 196_1_6_GunPlatform
StarshipAmbient.wav			115 32000 ; 197_1_43_GunPad
StarshipAmbient.wav			115 32000 ; 198_1_44_GunWarheadPad
StarshipAmbient.wav			115 32000 ; 199_1_41_HomingMineA
StarshipAmbient.wav			115 32000 ; 200_1_42_HomingMineB
StarshipAmbient.wav			115 32000 ; 201_1_45_ProximityMineA
StarshipAmbient.wav			115 32000 ; 202_1_46_ProximityMineB
StarshipAmbient.wav			115 32000 ; 203_1_51_RebelPilot
StarshipAmbient.wav			115 32000 ; 204_1_52_ImperialPilot
StarshipAmbient.wav			115 32000 ; 205_1_53_CivilianPilot
StarshipAmbient.wav			115 32000 ; 206_1_54_ZeroGStormtrooper
StarshipAmbient.wav			115 32000 ; 207_1_55_ZeroGUtility
StarshipAmbient.wav			115 32000 ; 208_1_56_Marko
StarshipAmbient.wav			115 32000 ; 209_1_57_R2D2
StarshipAmbient.wav			115 32000 ; 210_1_0_SatB
StarshipAmbient.wav			115 32000 ; 211_1_1_SatC
StarshipAmbient.wav			115 32000 ; 212_1_2_SatD
StarshipAmbient.wav			115 32000 ; 213_1_7_Probe
StarshipAmbient.wav			115 32000 ; 214_1_50_ProbeCapsule
StarshipAmbient.wav			115 32000 ; 215_1_47_BuoyC
StarshipAmbient.wav			115 32000 ; 216_1_48_BuoyB
StarshipAmbient.wav			115 32000 ; 217_1_49_BuoyRendez
StarshipAmbient.wav			115 32000 ; 218_1_8_BuoyFaux
StarshipAmbient.wav			115 32000 ; 219_1_3_MineA
StarshipAmbient.wav			115 32000 ; 220_1_4_MineB
StarshipAmbient.wav			115 32000 ; 221_1_5_MineC
StarshipAmbient.wav			115 32000 ; 222__1_0
