EngineWash.wav			115 4000 ; 000__1_0
EngineWash.wav			115 4000 ; 001_0_0_Xwing
EngineWash.wav			115 4000 ; 002_0_1_Ywing
EngineWash.wav			115 4000 ; 003_0_2_Awing
EngineWash.wav			115 4000 ; 004_0_3_Bwing
EngineWash.wav			115 4000 ; 005_0_4_TieFighter
EngineWash.wav			115 4000 ; 006_0_5_TieInterceptor
EngineWash.wav			115 4000 ; 007_0_6_TieBomber
EngineWash.wav			115 4000 ; 008_0_7_TieAdvanced
EngineWash.wav			115 4000 ; 009_0_8_TieDefender
EngineWash.wav			115 4000 ; 010_0_9_IrdFighter
EngineWash.wav			115 4000 ; 011_0_10_ToscanFighter
EngineWash.wav			115 4000 ; 012_0_11_MissileBoat
EngineWash.wav			115 4000 ; 013_0_12_Twing
EngineWash.wav			115 4000 ; 014_0_13_Z_95
EngineWash.wav			115 4000 ; 015_0_14_R41
EngineWash.wav			115 4000 ; 016_0_15_AssaultGunboat
EngineWash.wav			115 4000 ; 017_0_16_SkiprayBlastBoat
EngineWash.wav			115 4000 ; 018_0_17_TieBizarro
EngineWash.wav			115 4000 ; 019_0_18_TieBigGun
EngineWash.wav			115 4000 ; 020_0_19_TieWarheads
EngineWash.wav			115 4000 ; 021_0_20_TieBomb
EngineWash.wav			115 4000 ; 022_0_21_TieBooster
EngineWash.wav			115 4000 ; 023_0_22_CloakshapeFighter
EngineWash.wav			115 4000 ; 024_0_23_RazorFighter
EngineWash.wav			115 4000 ; 025_0_24_PlanetaryFighter
EngineWash.wav			115 4000 ; 026_0_25_SupaFighter
EngineWash.wav			115 4000 ; 027_0_26_Piggyback
EngineWash.wav			115 4000 ; 028_0_27_Booster
EngineWash.wav			115 4000 ; 029_0_28_PreybirdFighter
EngineWash.wav			115 4000 ; 030_0_29_Xwing
EngineWash.wav			115 4000 ; 031_0_30_SlaveOne
EngineWash.wav			115 4000 ; 032_0_31_SlaveTwo
EngineWash.wav			115 4000 ; 033__1_0
EngineWash.wav			115 4000 ; 034__1_0
EngineWash.wav			115 4000 ; 035__1_0
EngineWash.wav			115 4000 ; 036__1_0
EngineWash.wav			115 4000 ; 037__1_0
EngineWash.wav			115 4000 ; 038__1_0
EngineWash.wav			115 4000 ; 039__1_0
EngineWash.wav			115 4000 ; 040__1_0
EngineWash.wav			115 4000 ; 041__1_0
EngineWash.wav			115 4000 ; 042__1_0
EngineWash.wav			115 4000 ; 043_0_32_Tug
EngineWash.wav			115 4000 ; 044_0_33_CombatUtilityVehicle
EngineWash.wav			115 4000 ; 045_0_34_HeavyLifter
EngineWash.wav			115 4000 ; 046_0_35_MoleMiner
EngineWash.wav			115 4000 ; 047_0_36_EscapePod
EngineWash.wav			115 4000 ; 048_0_153_EscapePodA
EngineWash.wav			115 4000 ; 049__1_0
EngineWash.wav			115 4000 ; 050_0_37_Shuttle
EngineWash.wav			115 4000 ; 051_0_38_EscortShuttle
EngineWash.wav			115 4000 ; 052_0_39_StormtrooperTransport
EngineWash.wav			115 4000 ; 053_0_40_AssaultTransport
EngineWash.wav			115 4000 ; 054_0_41_EscortTransport
EngineWash.wav			115 4000 ; 055_0_42_SystemPatrolCraft
EngineWash.wav			115 4000 ; 056_0_43_ScoutCraft
EngineWash.wav			115 4000 ; 057_0_44_MuurianTransport
EngineWash.wav			115 4000 ; 058_0_45_CorellianTransport2
EngineWash.wav			115 4000 ; 059_0_46_MilleniumFalcon2
EngineWash.wav			115 4000 ; 060_0_47_Outrider
EngineWash.wav			115 4000 ; 061_0_48_ImpLandingCraft
EngineWash.wav			115 4000 ; 062_0_49_AssaultShuttle
EngineWash.wav			115 4000 ; 063_0_50_LuxuryYacht
EngineWash.wav			115 4000 ; 064_0_51_FerryboatLiner
EngineWash.wav			115 4000 ; 065_0_52_FamilyTransport
EngineWash.wav			115 4000 ; 066__1_0
EngineWash.wav			115 4000 ; 067__1_0
EngineWash.wav			115 4000 ; 068__1_0
EngineWash.wav			115 4000 ; 069__1_0
EngineWash.wav			115 4000 ; 070__1_0
EngineWash.wav			115 4000 ; 071_0_53_ContainerBrick
EngineWash.wav			115 4000 ; 072_0_54_ContainerHexBox
EngineWash.wav			115 4000 ; 073_0_55_ContainerTube
EngineWash.wav			115 4000 ; 074_0_56_ContainerPronged
EngineWash.wav			115 4000 ; 075_0_57_ContainerHemisphere
EngineWash.wav			115 4000 ; 076_0_58_ContainerSlotted
EngineWash.wav			115 4000 ; 077_0_59_ContainerHourglass
EngineWash.wav			115 4000 ; 078_0_60_ContainerGem
EngineWash.wav			115 4000 ; 079_0_61_ContainerYshaped
EngineWash.wav			115 4000 ; 080_0_62_CargoCanister
EngineWash.wav			115 4000 ; 081_0_63_PropaneTank
EngineWash.wav			115 4000 ; 082_0_64_ContainerGrande
EngineWash.wav			115 4000 ; 083_0_65_ContainerBox
EngineWash.wav			115 4000 ; 084_0_66_ContainerSphere
EngineWash.wav			115 4000 ; 085_0_67_ContainerHanger
EngineWash.wav			115 4000 ; 086__1_0
EngineWash.wav			115 4000 ; 087__1_0
EngineWash.wav			115 4000 ; 088__1_0
EngineWash.wav			115 4000 ; 089__1_0
EngineWash.wav			115 4000 ; 090__1_0
EngineWash.wav			115 4000 ; 091_0_68_BulkFreighter
EngineWash.wav			115 4000 ; 092_0_69_CargoFerry
EngineWash.wav			115 4000 ; 093_0_70_ModularConveyor
EngineWash.wav			115 4000 ; 094_0_71_ContainerTransport
EngineWash.wav			115 4000 ; 095_0_72_TunaBoat2
EngineWash.wav			115 4000 ; 096_0_73_StarGalleon
EngineWash.wav			115 4000 ; 097_0_74_ModActionTransport
EngineWash.wav			115 4000 ; 098_0_75_MobquetTransport
EngineWash.wav			115 4000 ; 099_0_76_XiytiarTransport
EngineWash.wav			115 4000 ; 100_0_77_FreighterConB
EngineWash.wav			115 4000 ; 101_0_78_FreighterConG
EngineWash.wav			115 4000 ; 102_0_79_FreighterBox
EngineWash.wav			115 4000 ; 103_0_0_Xwing
EngineWash.wav			115 4000 ; 104_0_0_Xwing
EngineWash.wav			115 4000 ; 105_0_136_CrewCabinFront
EngineWash.wav			115 4000 ; 106_0_137_ConnectorRod
EngineWash.wav			115 4000 ; 107_0_138_EngineBack
EngineWash.wav			115 4000 ; 108_0_0_Xwing
EngineWash.wav			115 4000 ; 109_0_0_Xwing
EngineWash.wav			115 4000 ; 110_0_139_EngineFront
EngineWash.wav			115 4000 ; 111_0_140_CrewCabinBack
EngineWash.wav			115 4000 ; 112_0_0_Xwing
EngineWash.wav			115 4000 ; 113_0_0_Xwing
EngineWash.wav			115 4000 ; 114_0_0_Xwing
EngineWash.wav			115 4000 ; 115_0_142_Suprosa
EngineWash.wav			115 4000 ; 116__1_0
EngineWash.wav			115 4000 ; 117__1_0
EngineWash.wav			115 4000 ; 118__1_0
EngineWash.wav			115 4000 ; 119__1_0
EngineWash.wav			115 4000 ; 120__1_0
EngineWash.wav			115 4000 ; 121__1_0
EngineWash.wav			115 4000 ; 122__1_0
EngineWash.wav			115 4000 ; 123__1_0
EngineWash.wav			115 4000 ; 124__1_0
EngineWash.wav			115 4000 ; 125__1_0
EngineWash.wav			115 4000 ; 126_0_80_Corvette2
EngineWash.wav			115 4000 ; 127_0_81_ModCorvette
EngineWash.wav			115 4000 ; 128_0_82_Frigate2
EngineWash.wav			115 4000 ; 129_0_83_ModFrigate
EngineWash.wav			115 4000 ; 130_0_84_PassengerLiner
EngineWash.wav			115 4000 ; 131_0_85_CarrackCruiser
EngineWash.wav			115 4000 ; 132_0_86_StrikeCruiser
EngineWash.wav			115 4000 ; 133_0_87_EscortCarrier
EngineWash.wav			115 4000 ; 134_0_88_Dreadnaught2
EngineWash.wav			115 4000 ; 135_0_89_CalamariCruiserNew
EngineWash.wav			115 4000 ; 136_0_90_LightCalamariCruiser
EngineWashSD.wav			115 4000 ; 137_0_91_Interdictor2
EngineWashSD.wav			115 4000 ; 138_0_92_VictoryStarDestroyer2
EngineWashSD.wav			115 4000 ; 139_0_93_ImperialStarDestroyer2
EngineWashSD.wav			115 4000 ; 140_0_94_SuperStarDestroyer
EngineWash.wav			115 4000 ; 141_0_95_ModStrikeCruiser
EngineWash.wav			115 4000 ; 142_0_96_LancerFrigate
EngineWash.wav			115 4000 ; 143_0_97_BulkCruiser
EngineWash.wav			115 4000 ; 144_0_98_AssaultFrigate
EngineWash.wav			115 4000 ; 145_0_99_CorellianGunship
EngineWash.wav			115 4000 ; 146_0_100_MarauderCorvette
EngineWash.wav			115 4000 ; 147_0_101_ImpResearchShip
EngineWash.wav			115 4000 ; 148_0_135_CalamariWinged
EngineWash.wav			115 4000 ; 149_0_92_VictoryStarDestroyer2
EngineWash.wav			115 4000 ; 150_0_141_ImperialStarDestroyer2
EngineWash.wav			115 4000 ; 151__1_0
EngineWash.wav			115 4000 ; 152__1_0
EngineWash.wav			115 4000 ; 153_0_102_Platform1
EngineWash.wav			115 4000 ; 154_0_103_Platform2
EngineWash.wav			115 4000 ; 155_0_104_Platform3
EngineWash.wav			115 4000 ; 156_0_105_Platform4
EngineWash.wav			115 4000 ; 157_0_106_Platform5
EngineWash.wav			115 4000 ; 158_0_107_Platform6
EngineWash.wav			115 4000 ; 159_0_108_AsteroidBase
EngineWash.wav			115 4000 ; 160_0_109_Factory
EngineWash.wav			115 4000 ; 161_0_110_ShipYard
EngineWash.wav			115 4000 ; 162_0_111_RepairYard
EngineWash.wav			115 4000 ; 163_0_112_GolanOne
EngineWash.wav			115 4000 ; 164_0_113_GolanTwo
EngineWash.wav			115 4000 ; 165_0_114_GolanThree
EngineWash.wav			115 4000 ; 166_0_115_DerilynPlatform
EngineWash.wav			115 4000 ; 167_0_116_SensorArray
EngineWash.wav			115 4000 ; 168_0_117_CommRelay
EngineWash.wav			115 4000 ; 169_0_118_SpaceColony1
EngineWash.wav			115 4000 ; 170_0_119_SpaceColony2
EngineWash.wav			115 4000 ; 171_0_120_SpaceColony3
EngineWash.wav			115 4000 ; 172_0_121_Casino
EngineWash.wav			115 4000 ; 173_0_122_CargoFacility1
EngineWash.wav			115 4000 ; 174_0_123_CargoFacility2
EngineWash.wav			115 4000 ; 175_0_124_AsteroidMiningUnit
EngineWash.wav			115 4000 ; 176_0_125_ProcessingPlant
EngineWash.wav			115 4000 ; 177_0_126_RebelPlatform
EngineWash.wav			115 4000 ; 178_0_127_ImpResearchCenter
EngineWash.wav			115 4000 ; 179_0_128_FamilyBase
EngineWash.wav			115 4000 ; 180_0_129_FamilyRepairYard
EngineWash.wav			115 4000 ; 181_0_130_PirateShipyard
EngineWash.wav			115 4000 ; 182_0_131_IndustrialComplex
EngineWash.wav			115 4000 ; 183_0_132_PirateJunkyardBase
EngineWash.wav			115 4000 ; 184__1_0
EngineWash.wav			115 4000 ; 185__1_0
EngineWash.wav			115 4000 ; 186__1_0
EngineWash.wav			115 4000 ; 187__1_0
EngineWash.wav			115 4000 ; 188__1_0
EngineWash.wav			115 4000 ; 189__1_0
EngineWash.wav			115 4000 ; 190__1_0
EngineWash.wav			115 4000 ; 191__1_0
EngineWash.wav			115 4000 ; 192_1_40_LaserBat
EngineWash.wav			115 4000 ; 193_1_39_IonBat
EngineWash.wav			115 4000 ; 194_0_133_AsteroidLaserBattery
EngineWash.wav			115 4000 ; 195_0_134_AsteroidWarheadLauncher
EngineWash.wav			115 4000 ; 196_1_6_GunPlatform
EngineWash.wav			115 4000 ; 197_1_43_GunPad
EngineWash.wav			115 4000 ; 198_1_44_GunWarheadPad
EngineWash.wav			115 4000 ; 199_1_41_HomingMineA
EngineWash.wav			115 4000 ; 200_1_42_HomingMineB
EngineWash.wav			115 4000 ; 201_1_45_ProximityMineA
EngineWash.wav			115 4000 ; 202_1_46_ProximityMineB
EngineWash.wav			115 4000 ; 203_1_51_RebelPilot
EngineWash.wav			115 4000 ; 204_1_52_ImperialPilot
EngineWash.wav			115 4000 ; 205_1_53_CivilianPilot
EngineWash.wav			115 4000 ; 206_1_54_ZeroGStormtrooper
EngineWash.wav			115 4000 ; 207_1_55_ZeroGUtility
EngineWash.wav			115 4000 ; 208_1_56_Marko
EngineWash.wav			115 4000 ; 209_1_57_R2D2
EngineWash.wav			115 4000 ; 210_1_0_SatB
EngineWash.wav			115 4000 ; 211_1_1_SatC
EngineWash.wav			115 4000 ; 212_1_2_SatD
EngineWash.wav			115 4000 ; 213_1_7_Probe
EngineWash.wav			115 4000 ; 214_1_50_ProbeCapsule
EngineWash.wav			115 4000 ; 215_1_47_BuoyC
EngineWash.wav			115 4000 ; 216_1_48_BuoyB
EngineWash.wav			115 4000 ; 217_1_49_BuoyRendez
EngineWash.wav			115 4000 ; 218_1_8_BuoyFaux
EngineWash.wav			115 4000 ; 219_1_3_MineA
EngineWash.wav			115 4000 ; 220_1_4_MineB
EngineWash.wav			115 4000 ; 221_1_5_MineC
EngineWash.wav			115 4000 ; 222__1_0
