HyperZoom.wav		96 2000 ; 000__1_0
HyperZoom.wav		96 2000 ; 001_0_0_Xwing
HyperZoom.wav		96 2000 ; 002_0_1_Ywing
HyperZoom.wav		96 2000 ; 003_0_2_Awing
HyperZoom.wav		96 2000 ; 004_0_3_Bwing
HyperZoom.wav		96 2000 ; 005_0_4_TieFighter
HyperZoom.wav		96 2000 ; 006_0_5_TieInterceptor
HyperZoom.wav		96 2000 ; 007_0_6_TieBomber
HyperZoom.wav		96 2000 ; 008_0_7_TieAdvanced
HyperZoom.wav		96 2000 ; 009_0_8_TieDefender
HyperZoom.wav		96 2000 ; 010_0_9_IrdFighter
HyperZoom.wav		96 2000 ; 011_0_10_ToscanFighter
HyperZoom.wav		96 2000 ; 012_0_11_MissileBoat
HyperZoom.wav		96 2000 ; 013_0_12_Twing
HyperZoom.wav		96 2000 ; 014_0_13_Z_95
HyperZoom.wav		96 2000 ; 015_0_14_R41
HyperZoom.wav		96 2000 ; 016_0_15_AssaultGunboat
HyperZoom.wav		96 2000 ; 017_0_16_SkiprayBlastBoat
HyperZoom.wav		96 2000 ; 018_0_17_TieBizarro
HyperZoom.wav		96 2000 ; 019_0_18_TieBigGun
HyperZoom.wav		96 2000 ; 020_0_19_TieWarheads
HyperZoom.wav		96 2000 ; 021_0_20_TieBomb
HyperZoom.wav		96 2000 ; 022_0_21_TieBooster
HyperZoom.wav		96 2000 ; 023_0_22_CloakshapeFighter
HyperZoom.wav		96 2000 ; 024_0_23_RazorFighter
HyperZoom.wav		96 2000 ; 025_0_24_PlanetaryFighter
HyperZoom.wav		96 2000 ; 026_0_25_SupaFighter
HyperZoom.wav		96 2000 ; 027_0_26_Piggyback
HyperZoom.wav		96 2000 ; 028_0_27_Booster
HyperZoom.wav		96 2000 ; 029_0_28_PreybirdFighter
HyperZoom.wav		96 2000 ; 030_0_29_Xwing
HyperZoom.wav		96 2000 ; 031_0_30_SlaveOne
HyperZoom.wav		96 2000 ; 032_0_31_SlaveTwo
HyperZoom.wav		96 2000 ; 033__1_0
HyperZoom.wav		96 2000 ; 034__1_0
HyperZoom.wav		96 2000 ; 035__1_0
HyperZoom.wav		96 2000 ; 036__1_0
HyperZoom.wav		96 2000 ; 037__1_0
HyperZoom.wav		96 2000 ; 038__1_0
HyperZoom.wav		96 2000 ; 039__1_0
HyperZoom.wav		96 2000 ; 040__1_0
HyperZoom.wav		96 2000 ; 041__1_0
HyperZoom.wav		96 2000 ; 042__1_0
HyperZoom.wav		96 2000 ; 043_0_32_Tug
HyperZoom.wav		96 2000 ; 044_0_33_CombatUtilityVehicle
HyperZoom.wav		96 2000 ; 045_0_34_HeavyLifter
HyperZoom.wav		96 2000 ; 046_0_35_MoleMiner
HyperZoom.wav		96 2000 ; 047_0_36_EscapePod
HyperZoom.wav		96 2000 ; 048_0_153_EscapePodA
HyperZoom.wav		96 2000 ; 049__1_0
HyperZoom.wav		96 2000 ; 050_0_37_Shuttle
HyperZoom.wav		96 2000 ; 051_0_38_EscortShuttle
HyperZoom.wav		96 2000 ; 052_0_39_StormtrooperTransport
HyperZoom.wav		96 2000 ; 053_0_40_AssaultTransport
HyperZoom.wav		96 2000 ; 054_0_41_EscortTransport
HyperZoom.wav		96 2000 ; 055_0_42_SystemPatrolCraft
HyperZoom.wav		96 2000 ; 056_0_43_ScoutCraft
HyperZoom.wav		96 2000 ; 057_0_44_MuurianTransport
HyperZoom.wav		96 2000 ; 058_0_45_CorellianTransport2
HyperZoom.wav		96 2000 ; 059_0_46_MilleniumFalcon2
HyperZoom.wav		96 2000 ; 060_0_47_Outrider
HyperZoom.wav		96 2000 ; 061_0_48_ImpLandingCraft
HyperZoom.wav		96 2000 ; 062_0_49_AssaultShuttle
HyperZoom.wav		96 2000 ; 063_0_50_LuxuryYacht
HyperZoom.wav		96 2000 ; 064_0_51_FerryboatLiner
HyperZoom.wav		96 2000 ; 065_0_52_FamilyTransport
HyperZoom.wav		96 2000 ; 066__1_0
HyperZoom.wav		96 2000 ; 067__1_0
HyperZoom.wav		96 2000 ; 068__1_0
HyperZoom.wav		96 2000 ; 069__1_0
HyperZoom.wav		96 2000 ; 070__1_0
HyperZoom.wav		96 2000 ; 071_0_53_ContainerBrick
HyperZoom.wav		96 2000 ; 072_0_54_ContainerHexBox
HyperZoom.wav		96 2000 ; 073_0_55_ContainerTube
HyperZoom.wav		96 2000 ; 074_0_56_ContainerPronged
HyperZoom.wav		96 2000 ; 075_0_57_ContainerHemisphere
HyperZoom.wav		96 2000 ; 076_0_58_ContainerSlotted
HyperZoom.wav		96 2000 ; 077_0_59_ContainerHourglass
HyperZoom.wav		96 2000 ; 078_0_60_ContainerGem
HyperZoom.wav		96 2000 ; 079_0_61_ContainerYshaped
HyperZoom.wav		96 2000 ; 080_0_62_CargoCanister
HyperZoom.wav		96 2000 ; 081_0_63_PropaneTank
HyperZoom.wav		96 2000 ; 082_0_64_ContainerGrande
HyperZoom.wav		96 2000 ; 083_0_65_ContainerBox
HyperZoom.wav		96 2000 ; 084_0_66_ContainerSphere
HyperZoom.wav		96 2000 ; 085_0_67_ContainerHanger
HyperZoom.wav		96 2000 ; 086__1_0
HyperZoom.wav		96 2000 ; 087__1_0
HyperZoom.wav		96 2000 ; 088__1_0
HyperZoom.wav		96 2000 ; 089__1_0
HyperZoom.wav		96 2000 ; 090__1_0
HyperZoom.wav		96 2000 ; 091_0_68_BulkFreighter
HyperZoom.wav		96 2000 ; 092_0_69_CargoFerry
HyperZoom.wav		96 2000 ; 093_0_70_ModularConveyor
HyperZoom.wav		96 2000 ; 094_0_71_ContainerTransport
HyperZoom.wav		96 2000 ; 095_0_72_TunaBoat2
HyperZoom.wav		96 2000 ; 096_0_73_StarGalleon
HyperZoom.wav		96 2000 ; 097_0_74_ModActionTransport
HyperZoom.wav		96 2000 ; 098_0_75_MobquetTransport
HyperZoom.wav		96 2000 ; 099_0_76_XiytiarTransport
HyperZoom.wav		96 2000 ; 100_0_77_FreighterConB
HyperZoom.wav		96 2000 ; 101_0_78_FreighterConG
HyperZoom.wav		96 2000 ; 102_0_79_FreighterBox
HyperZoom.wav		96 2000 ; 103_0_0_Xwing
HyperZoom.wav		96 2000 ; 104_0_0_Xwing
HyperZoom.wav		96 2000 ; 105_0_136_CrewCabinFront
HyperZoom.wav		96 2000 ; 106_0_137_ConnectorRod
HyperZoom.wav		96 2000 ; 107_0_138_EngineBack
HyperZoom.wav		96 2000 ; 108_0_0_Xwing
HyperZoom.wav		96 2000 ; 109_0_0_Xwing
HyperZoom.wav		96 2000 ; 110_0_139_EngineFront
HyperZoom.wav		96 2000 ; 111_0_140_CrewCabinBack
HyperZoom.wav		96 2000 ; 112_0_0_Xwing
HyperZoom.wav		96 2000 ; 113_0_0_Xwing
HyperZoom.wav		96 2000 ; 114_0_0_Xwing
HyperZoom.wav		96 2000 ; 115_0_142_Suprosa
HyperZoom.wav		96 2000 ; 116__1_0
HyperZoom.wav		96 2000 ; 117__1_0
HyperZoom.wav		96 2000 ; 118__1_0
HyperZoom.wav		96 2000 ; 119__1_0
HyperZoom.wav		96 2000 ; 120__1_0
HyperZoom.wav		96 2000 ; 121__1_0
HyperZoom.wav		96 2000 ; 122__1_0
HyperZoom.wav		96 2000 ; 123__1_0
HyperZoom.wav		96 2000 ; 124__1_0
HyperZoom.wav		96 2000 ; 125__1_0
HyperZoom.wav		96 2000 ; 126_0_80_Corvette2
HyperZoom.wav		96 2000 ; 127_0_81_ModCorvette
HyperZoom.wav		96 2000 ; 128_0_82_Frigate2
HyperZoom.wav		96 2000 ; 129_0_83_ModFrigate
HyperZoom.wav		96 2000 ; 130_0_84_PassengerLiner
HyperZoom.wav		96 2000 ; 131_0_85_CarrackCruiser
HyperZoom.wav		96 2000 ; 132_0_86_StrikeCruiser
HyperZoom.wav		96 2000 ; 133_0_87_EscortCarrier
HyperZoom.wav		96 2000 ; 134_0_88_Dreadnaught2
HyperZoom.wav		96 2000 ; 135_0_89_CalamariCruiserNew
HyperZoom.wav		96 2000 ; 136_0_90_LightCalamariCruiser
HyperZoom.wav		96 2000 ; 137_0_91_Interdictor2
HyperZoom.wav		96 2000 ; 138_0_92_VictoryStarDestroyer2
HyperZoom.wav		96 2000 ; 139_0_93_ImperialStarDestroyer2
HyperZoom.wav		96 2000 ; 140_0_94_SuperStarDestroyer
HyperZoom.wav		96 2000 ; 141_0_95_ModStrikeCruiser
HyperZoom.wav		96 2000 ; 142_0_96_LancerFrigate
HyperZoom.wav		96 2000 ; 143_0_97_BulkCruiser
HyperZoom.wav		96 2000 ; 144_0_98_AssaultFrigate
HyperZoom.wav		96 2000 ; 145_0_99_CorellianGunship
HyperZoom.wav		96 2000 ; 146_0_100_MarauderCorvette
HyperZoom.wav		96 2000 ; 147_0_101_ImpResearchShip
HyperZoom.wav		96 2000 ; 148_0_135_CalamariWinged
HyperZoom.wav		96 2000 ; 149_0_92_VictoryStarDestroyer2
HyperZoom.wav		96 2000 ; 150_0_141_ImperialStarDestroyer2
HyperZoom.wav		96 2000 ; 151__1_0
HyperZoom.wav		96 2000 ; 152__1_0
HyperZoom.wav		96 2000 ; 153_0_102_Platform1
HyperZoom.wav		96 2000 ; 154_0_103_Platform2
HyperZoom.wav		96 2000 ; 155_0_104_Platform3
HyperZoom.wav		96 2000 ; 156_0_105_Platform4
HyperZoom.wav		96 2000 ; 157_0_106_Platform5
HyperZoom.wav		96 2000 ; 158_0_107_Platform6
HyperZoom.wav		96 2000 ; 159_0_108_AsteroidBase
HyperZoom.wav		96 2000 ; 160_0_109_Factory
HyperZoom.wav		96 2000 ; 161_0_110_ShipYard
HyperZoom.wav		96 2000 ; 162_0_111_RepairYard
HyperZoom.wav		96 2000 ; 163_0_112_GolanOne
HyperZoom.wav		96 2000 ; 164_0_113_GolanTwo
HyperZoom.wav		96 2000 ; 165_0_114_GolanThree
HyperZoom.wav		96 2000 ; 166_0_115_DerilynPlatform
HyperZoom.wav		96 2000 ; 167_0_116_SensorArray
HyperZoom.wav		96 2000 ; 168_0_117_CommRelay
HyperZoom.wav		96 2000 ; 169_0_118_SpaceColony1
HyperZoom.wav		96 2000 ; 170_0_119_SpaceColony2
HyperZoom.wav		96 2000 ; 171_0_120_SpaceColony3
HyperZoom.wav		96 2000 ; 172_0_121_Casino
HyperZoom.wav		96 2000 ; 173_0_122_CargoFacility1
HyperZoom.wav		96 2000 ; 174_0_123_CargoFacility2
HyperZoom.wav		96 2000 ; 175_0_124_AsteroidMiningUnit
HyperZoom.wav		96 2000 ; 176_0_125_ProcessingPlant
HyperZoom.wav		96 2000 ; 177_0_126_RebelPlatform
HyperZoom.wav		96 2000 ; 178_0_127_ImpResearchCenter
HyperZoom.wav		96 2000 ; 179_0_128_FamilyBase
HyperZoom.wav		96 2000 ; 180_0_129_FamilyRepairYard
HyperZoom.wav		96 2000 ; 181_0_130_PirateShipyard
HyperZoom.wav		96 2000 ; 182_0_131_IndustrialComplex
HyperZoom.wav		96 2000 ; 183_0_132_PirateJunkyardBase
HyperZoom.wav		96 2000 ; 184__1_0
HyperZoom.wav		96 2000 ; 185__1_0
HyperZoom.wav		96 2000 ; 186__1_0
HyperZoom.wav		96 2000 ; 187__1_0
HyperZoom.wav		96 2000 ; 188__1_0
HyperZoom.wav		96 2000 ; 189__1_0
HyperZoom.wav		96 2000 ; 190__1_0
HyperZoom.wav		96 2000 ; 191__1_0
HyperZoom.wav		96 2000 ; 192_1_40_LaserBat
HyperZoom.wav		96 2000 ; 193_1_39_IonBat
HyperZoom.wav		96 2000 ; 194_0_133_AsteroidLaserBattery
HyperZoom.wav		96 2000 ; 195_0_134_AsteroidWarheadLauncher
HyperZoom.wav		96 2000 ; 196_1_6_GunPlatform
HyperZoom.wav		96 2000 ; 197_1_43_GunPad
HyperZoom.wav		96 2000 ; 198_1_44_GunWarheadPad
HyperZoom.wav		96 2000 ; 199_1_41_HomingMineA
HyperZoom.wav		96 2000 ; 200_1_42_HomingMineB
HyperZoom.wav		96 2000 ; 201_1_45_ProximityMineA
HyperZoom.wav		96 2000 ; 202_1_46_ProximityMineB
HyperZoom.wav		96 2000 ; 203_1_51_RebelPilot
HyperZoom.wav		96 2000 ; 204_1_52_ImperialPilot
HyperZoom.wav		96 2000 ; 205_1_53_CivilianPilot
HyperZoom.wav		96 2000 ; 206_1_54_ZeroGStormtrooper
HyperZoom.wav		96 2000 ; 207_1_55_ZeroGUtility
HyperZoom.wav		96 2000 ; 208_1_56_Marko
HyperZoom.wav		96 2000 ; 209_1_57_R2D2
HyperZoom.wav		96 2000 ; 210_1_0_SatB
HyperZoom.wav		96 2000 ; 211_1_1_SatC
HyperZoom.wav		96 2000 ; 212_1_2_SatD
HyperZoom.wav		96 2000 ; 213_1_7_Probe
HyperZoom.wav		96 2000 ; 214_1_50_ProbeCapsule
HyperZoom.wav		96 2000 ; 215_1_47_BuoyC
HyperZoom.wav		96 2000 ; 216_1_48_BuoyB
HyperZoom.wav		96 2000 ; 217_1_49_BuoyRendez
HyperZoom.wav		96 2000 ; 218_1_8_BuoyFaux
HyperZoom.wav		96 2000 ; 219_1_3_MineA
HyperZoom.wav		96 2000 ; 220_1_4_MineB
HyperZoom.wav		96 2000 ; 221_1_5_MineC
HyperZoom.wav		96 2000 ; 222__1_0
